2023-12-04 23:58:31 INFO  Log:15 - ----------------------------------------
2023-12-04 23:58:31 INFO  Log:16 - ****************************************
2023-12-04 23:58:31 INFO  Log:17 - ****************************************
2023-12-04 23:58:31 INFO  Log:18 - ********This is the beginning of my test case*************
2023-12-04 23:58:31 INFO  Log:31 - My testcase is executing right now
2023-12-04 23:58:31 INFO  Log:36 - My test case might have some trivial issues
2023-12-04 23:58:47 INFO  Log:31 - This test case is about to get completed
2023-12-04 23:58:47 INFO  Log:23 - -------------#########---------------------------
2023-12-04 23:58:47 INFO  Log:24 - ####################################
2023-12-04 23:58:47 INFO  Log:25 - ####################################
2023-12-04 23:58:47 INFO  Log:26 - #########This test case is finished########




2023-12-08 13:12:09 INFO  Log:15 - ----------------------------------------
2023-12-08 13:12:09 INFO  Log:16 - ****************************************
2023-12-08 13:12:09 INFO  Log:17 - ****************************************
2023-12-08 13:12:09 INFO  Log:18 - ********This is the beginning of my test case*************
2023-12-08 13:12:09 INFO  Log:31 - My testcase is executing right now
2023-12-08 13:12:09 INFO  Log:36 - My test case might have some trivial issues
2023-12-08 13:12:25 INFO  Log:31 - This test case is about to get completed
2023-12-08 13:12:25 INFO  Log:23 - -------------#########---------------------------
2023-12-08 13:12:25 INFO  Log:24 - ####################################
2023-12-08 13:12:25 INFO  Log:25 - ####################################
2023-12-08 13:12:25 INFO  Log:26 - #########This test case is finished########
2023-12-08 13:13:00 INFO  Log:15 - ----------------------------------------
2023-12-08 13:13:00 INFO  Log:16 - ****************************************
2023-12-08 13:13:00 INFO  Log:17 - ****************************************
2023-12-08 13:13:00 INFO  Log:18 - ********This is the beginning of my test case*************
2023-12-08 13:13:00 INFO  Log:31 - My testcase is executing right now
2023-12-08 13:13:00 INFO  Log:36 - My test case might have some trivial issues
2023-12-08 13:13:15 INFO  Log:31 - This test case is about to get completed
2023-12-08 13:13:15 INFO  Log:23 - -------------#########---------------------------
2023-12-08 13:13:15 INFO  Log:24 - ####################################
2023-12-08 13:13:15 INFO  Log:25 - ####################################
2023-12-08 13:13:15 INFO  Log:26 - #########This test case is finished########
2023-12-08 13:15:14 INFO  Log:15 - ----------------------------------------
2023-12-08 13:15:14 INFO  Log:16 - ****************************************
2023-12-08 13:15:14 INFO  Log:17 - ****************************************
2023-12-08 13:15:14 INFO  Log:18 - ********This is the beginning of my test case*************
2023-12-08 13:15:14 INFO  Log:31 - My testcase is executing right now
2023-12-08 13:15:14 INFO  Log:36 - My test case might have some trivial issues
2023-12-08 13:15:30 INFO  Log:31 - This test case is about to get completed
2023-12-08 13:15:30 INFO  Log:23 - -------------#########---------------------------
2023-12-08 13:15:30 INFO  Log:24 - ####################################
2023-12-08 13:15:30 INFO  Log:25 - ####################################
2023-12-08 13:15:30 INFO  Log:26 - #########This test case is finished########
2023-12-08 13:16:56 INFO  Log:15 - ----------------------------------------
2023-12-08 13:16:56 INFO  Log:16 - ****************************************
2023-12-08 13:16:56 INFO  Log:17 - ****************************************
2023-12-08 13:16:56 INFO  Log:18 - ********This is the beginning of my test case*************
2023-12-08 13:16:56 INFO  Log:31 - My testcase is executing right now
2023-12-08 13:16:56 INFO  Log:36 - My test case might have some trivial issues
2023-12-08 13:17:12 INFO  Log:31 - This test case is about to get completed
2023-12-08 13:17:12 INFO  Log:23 - -------------#########---------------------------
2023-12-08 13:17:12 INFO  Log:24 - ####################################
2023-12-08 13:17:12 INFO  Log:25 - ####################################
2023-12-08 13:17:12 INFO  Log:26 - #########This test case is finished########
2023-12-08 13:17:57 INFO  Log:15 - ----------------------------------------
2023-12-08 13:17:57 INFO  Log:16 - ****************************************
2023-12-08 13:17:57 INFO  Log:17 - ****************************************
2023-12-08 13:17:57 INFO  Log:18 - ********This is the beginning of my test case*************
2023-12-08 13:17:57 INFO  Log:31 - My testcase is executing right now
2023-12-08 13:17:57 INFO  Log:36 - My test case might have some trivial issues
2023-12-08 13:18:13 INFO  Log:31 - This test case is about to get completed
2023-12-08 13:18:13 INFO  Log:23 - -------------#########---------------------------
2023-12-08 13:18:13 INFO  Log:24 - ####################################
2023-12-08 13:18:13 INFO  Log:25 - ####################################
2023-12-08 13:18:13 INFO  Log:26 - #########This test case is finished########
2023-12-08 14:06:21 INFO  Log:15 - ----------------------------------------
2023-12-08 14:06:21 INFO  Log:16 - ****************************************
2023-12-08 14:06:21 INFO  Log:17 - ****************************************
2023-12-08 14:06:21 INFO  Log:18 - ********This is the beginning of my test case*************
2023-12-08 14:06:21 INFO  Log:31 - My testcase is executing right now
2023-12-08 14:06:21 INFO  Log:36 - My test case might have some trivial issues
2023-12-08 14:06:36 INFO  Log:31 - This test case is about to get completed
2023-12-08 14:06:36 INFO  Log:23 - -------------#########---------------------------
2023-12-08 14:06:36 INFO  Log:24 - ####################################
2023-12-08 14:06:36 INFO  Log:25 - ####################################
2023-12-08 14:06:36 INFO  Log:26 - #########This test case is finished########
